{
  "RSpec": {
    "coverage": {
      "/home/travis/build/DominikAlberski/schedule_api/spec/config/router_spec.rb": {
        "lines": [
          1,
          1,
          null,
          1,
          1,
          null,
          27,
          27,
          27,
          null,
          1,
          31,
          null,
          null,
          1,
          1,
          1,
          1,
          1,
          null,
          null,
          null,
          1,
          2,
          null,
          1,
          1,
          1,
          null,
          null,
          null,
          null,
          1,
          3,
          5,
          null,
          1,
          4,
          null,
          null,
          1,
          3,
          null,
          1,
          1,
          null,
          null,
          1,
          1,
          null,
          null,
          null,
          1,
          3,
          null,
          1,
          1,
          null,
          null,
          1,
          1,
          null,
          null,
          null,
          null,
          1,
          3,
          null,
          1,
          2,
          null,
          null,
          1,
          1,
          null,
          null,
          1,
          1,
          null,
          null,
          null,
          1,
          5,
          null,
          1,
          4,
          null,
          null,
          1,
          3,
          null,
          1,
          1,
          null,
          null,
          1,
          1,
          1,
          null,
          null,
          null,
          1,
          3,
          null,
          1,
          1,
          null,
          null,
          1,
          1,
          null,
          null,
          null,
          null,
          1,
          10,
          null,
          1,
          9,
          null,
          null,
          1,
          1,
          1,
          null,
          3,
          null,
          null,
          null,
          null,
          null,
          null,
          null,
          null,
          null,
          null,
          null,
          null,
          1,
          1,
          null,
          null,
          1,
          1,
          null,
          null,
          1,
          3,
          null,
          null,
          null,
          1,
          1,
          3,
          null,
          null,
          1,
          1,
          null,
          null,
          1,
          1,
          null,
          null,
          1,
          1,
          null,
          null,
          null,
          null,
          1,
          1,
          3,
          null,
          null,
          1,
          1,
          null,
          null,
          1,
          1,
          null,
          null,
          1,
          1,
          null,
          null,
          null,
          null,
          1,
          7,
          7,
          null,
          1,
          6,
          null,
          null,
          1,
          1,
          3,
          null,
          null,
          1,
          1,
          null,
          null,
          1,
          1,
          null,
          null,
          1,
          1,
          null,
          null,
          null,
          1,
          1,
          3,
          null,
          null,
          1,
          1,
          null,
          null,
          1,
          1,
          null,
          null,
          1,
          1,
          null,
          null,
          null,
          null,
          1,
          5,
          5,
          3,
          null,
          1,
          4,
          null,
          null,
          1,
          1,
          null,
          null,
          1,
          1,
          null,
          null,
          1,
          3,
          null,
          1,
          1,
          null,
          null,
          1,
          1,
          null,
          null,
          null,
          null
        ]
      },
      "/home/travis/build/DominikAlberski/schedule_api/spec/test_helper.rb": {
        "lines": [
          1,
          1,
          null,
          1,
          null,
          1,
          null,
          1,
          1,
          null,
          1,
          1,
          1,
          1,
          null,
          null,
          1,
          91,
          91,
          null,
          null,
          null
        ]
      },
      "/home/travis/build/DominikAlberski/schedule_api/app.rb": {
        "lines": [
          1,
          1,
          1,
          1,
          1,
          1,
          1,
          1,
          1,
          1,
          null,
          1,
          1,
          1,
          1,
          1,
          1,
          1,
          null,
          null,
          null,
          null,
          1,
          1,
          null,
          1,
          null,
          null,
          1,
          0,
          null
        ]
      },
      "/home/travis/build/DominikAlberski/schedule_api/app/models/appointment.rb": {
        "lines": [
          null,
          null,
          null,
          null,
          null,
          null,
          null,
          null,
          null,
          null,
          null,
          null,
          null,
          1,
          1,
          null,
          1,
          1,
          1,
          1,
          null,
          1,
          null,
          1,
          34,
          2,
          null,
          null,
          null,
          1,
          34,
          null,
          34,
          0,
          null,
          null,
          null
        ]
      },
      "/home/travis/build/DominikAlberski/schedule_api/app/models/appointment/overlapping_scope.rb": {
        "lines": [
          1,
          1,
          34,
          null,
          null,
          null,
          null,
          null,
          null,
          null,
          null,
          1,
          37,
          37,
          37,
          37,
          37,
          null,
          null,
          1,
          38,
          null,
          null,
          null,
          null,
          null,
          1,
          null,
          1,
          null,
          1,
          null,
          1,
          38,
          38,
          null,
          null,
          null,
          null,
          null,
          null,
          null,
          null,
          null,
          null,
          1,
          38,
          null,
          null
        ]
      },
      "/home/travis/build/DominikAlberski/schedule_api/app/models/auth_token.rb": {
        "lines": [
          1,
          null,
          1,
          1,
          1,
          null,
          1,
          35,
          null,
          null,
          1,
          29,
          null,
          null
        ]
      },
      "/home/travis/build/DominikAlberski/schedule_api/app/models/doctor.rb": {
        "lines": [
          null,
          null,
          null,
          null,
          null,
          null,
          null,
          null,
          null,
          null,
          null,
          null,
          null,
          null,
          1,
          1,
          null,
          null,
          1,
          null,
          null,
          null,
          1,
          null,
          null,
          1,
          null,
          null,
          null,
          null,
          null,
          1,
          36,
          null,
          null,
          null,
          null,
          null,
          null,
          null,
          null,
          null,
          36,
          null,
          null,
          36,
          null,
          null,
          null,
          1,
          null,
          null,
          1,
          49,
          null,
          47,
          2,
          null,
          null,
          null,
          null,
          1,
          49,
          null,
          46,
          null,
          46,
          3,
          null,
          null,
          null
        ]
      },
      "/home/travis/build/DominikAlberski/schedule_api/app/models/organization.rb": {
        "lines": [
          null,
          null,
          null,
          null,
          null,
          null,
          null,
          null,
          null,
          null,
          null,
          null,
          1,
          null,
          1,
          1,
          1,
          null,
          1,
          41,
          null,
          null,
          1,
          3,
          null,
          null
        ]
      },
      "/home/travis/build/DominikAlberski/schedule_api/app/models/appointment/presenter.rb": {
        "lines": [
          1,
          1,
          19,
          null,
          null,
          1,
          19,
          null,
          null,
          1,
          null,
          18,
          null,
          null,
          null,
          null,
          null,
          null,
          1,
          null,
          1,
          19,
          null,
          null
        ]
      },
      "/home/travis/build/DominikAlberski/schedule_api/app/models/doctor/presenter.rb": {
        "lines": [
          1,
          null,
          1,
          1,
          null,
          3,
          null,
          null,
          null,
          null,
          null,
          null,
          null
        ]
      },
      "/home/travis/build/DominikAlberski/schedule_api/app/controllers/appointments_controller.rb": {
        "lines": [
          1,
          1,
          28,
          28,
          1,
          null,
          27,
          27,
          27,
          null,
          null,
          null,
          1,
          27,
          27,
          null,
          null,
          1,
          5,
          null,
          null,
          null,
          null,
          null,
          null,
          1,
          null,
          11,
          7,
          null,
          4,
          null,
          null,
          null,
          1,
          null,
          6,
          6,
          3,
          null,
          3,
          null,
          null,
          null,
          1,
          null,
          4,
          4,
          null,
          2,
          null,
          null,
          1,
          null,
          1,
          null,
          null,
          null,
          1,
          3,
          0,
          null,
          3,
          null,
          null,
          null
        ]
      },
      "/home/travis/build/DominikAlberski/schedule_api/app/controllers/doctors_controller.rb": {
        "lines": [
          1,
          1,
          4,
          4,
          null,
          null,
          1,
          4,
          null,
          null,
          1,
          null,
          1,
          null,
          1,
          null
        ]
      },
      "/home/travis/build/DominikAlberski/schedule_api/app/controllers/appointments_controller/params_schema.rb": {
        "lines": [
          1,
          null,
          1,
          1,
          1,
          1,
          1,
          1,
          1,
          1,
          1,
          1,
          null,
          null,
          1,
          1,
          1,
          null,
          null,
          null,
          null,
          null,
          null,
          null,
          null,
          null,
          null,
          null,
          null,
          null,
          null,
          null,
          null,
          null,
          null,
          null,
          null,
          null,
          null,
          null,
          null
        ]
      },
      "/home/travis/build/DominikAlberski/schedule_api/app/services/api_key_service.rb": {
        "lines": [
          1,
          1,
          11,
          null,
          null,
          1,
          2,
          2,
          2,
          2,
          null,
          null,
          1,
          null,
          1,
          null
        ]
      },
      "/home/travis/build/DominikAlberski/schedule_api/app/services/authentication.rb": {
        "lines": [
          1,
          1,
          null,
          1,
          7,
          7,
          7,
          null,
          3,
          null,
          null,
          1,
          2,
          null,
          null,
          1,
          29,
          29,
          29,
          null,
          null,
          1,
          null,
          1,
          null,
          1,
          29,
          null,
          28,
          null,
          1,
          null,
          null,
          1,
          null,
          null
        ]
      },
      "/home/travis/build/DominikAlberski/schedule_api/app/services/available_slot_service.rb": {
        "lines": [
          1,
          1,
          5,
          null,
          null,
          1,
          8,
          8,
          8,
          8,
          null,
          null,
          null,
          null,
          null,
          1,
          8,
          null,
          null,
          8,
          31,
          31,
          31,
          1,
          2,
          null,
          2,
          2,
          null,
          null,
          4,
          null,
          64,
          null,
          null,
          8,
          null,
          null,
          1,
          null,
          1,
          null,
          1,
          8,
          null,
          3,
          null,
          null,
          null,
          null,
          null,
          null,
          null,
          1,
          62,
          null,
          null,
          null,
          null,
          null,
          null,
          1,
          31,
          null,
          null,
          null,
          null,
          null,
          null,
          null,
          1,
          2,
          null,
          2,
          2,
          null,
          null,
          2,
          null,
          null,
          null,
          null,
          null,
          null,
          null,
          1,
          2,
          null,
          2,
          2,
          null,
          null,
          null,
          2,
          2,
          null,
          null,
          2,
          null,
          null,
          null,
          null,
          null,
          null,
          1,
          36,
          null,
          null,
          null,
          null,
          null,
          null,
          1,
          72,
          null,
          null
        ]
      },
      "/home/travis/build/DominikAlberski/schedule_api/app/services/create_appointments_service.rb": {
        "lines": [
          1,
          1,
          11,
          null,
          null,
          1,
          11,
          11,
          null,
          null,
          1,
          11,
          4,
          8,
          null,
          null,
          7,
          null,
          11,
          null,
          null,
          1,
          26,
          2,
          null,
          9,
          null,
          null,
          null,
          1,
          null,
          1,
          1,
          null,
          1,
          15,
          15,
          13,
          null,
          2,
          null,
          null,
          null
        ]
      },
      "/home/travis/build/DominikAlberski/schedule_api/config/router.rb": {
        "lines": [
          null,
          null,
          null,
          null,
          null,
          1,
          1,
          null,
          1,
          31,
          null,
          31,
          0,
          null,
          null,
          null,
          1,
          27,
          1,
          null,
          null,
          1,
          1,
          null,
          null,
          1,
          4,
          null,
          null,
          1,
          null,
          2,
          null,
          null,
          1,
          null,
          4,
          null,
          null,
          null,
          null,
          null,
          null,
          null,
          1,
          null,
          9,
          9,
          9,
          null,
          null,
          1,
          6,
          6,
          6,
          null,
          null,
          1,
          4,
          4,
          4,
          null,
          null
        ]
      },
      "/home/travis/build/DominikAlberski/schedule_api/spec/controllers/appointments_controller/params_schema_spec.rb": {
        "lines": [
          1,
          null,
          1,
          13,
          null,
          1,
          1,
          1,
          null,
          1,
          null,
          null,
          1,
          1,
          null,
          1,
          null,
          null,
          null,
          1,
          1,
          1,
          null,
          1,
          null,
          null,
          1,
          1,
          null,
          1,
          null,
          null,
          null,
          1,
          1,
          1,
          null,
          1,
          null,
          null,
          1,
          1,
          1,
          null,
          null,
          1,
          1,
          null,
          null,
          null,
          null,
          null,
          null,
          null,
          1,
          null,
          null,
          1,
          3,
          null,
          1,
          1,
          null,
          1,
          null,
          null,
          1,
          1,
          null,
          1,
          null,
          null,
          null,
          null,
          1,
          1,
          1,
          null,
          1,
          null,
          null,
          1,
          3,
          null,
          1,
          1,
          null,
          1,
          null,
          null,
          1,
          1,
          null,
          1,
          null,
          null,
          null,
          null
        ]
      },
      "/home/travis/build/DominikAlberski/schedule_api/spec/controllers/appointments_controller_spec.rb": {
        "lines": [
          1,
          null,
          1,
          1,
          1,
          1,
          1,
          null,
          null,
          null,
          1,
          2,
          2,
          null,
          1,
          1,
          1,
          null,
          null,
          1,
          1,
          1,
          null,
          null,
          null,
          null,
          1,
          2,
          2,
          null,
          1,
          1,
          null,
          null,
          1,
          1,
          null,
          null,
          null,
          1,
          null,
          null,
          null,
          1,
          3,
          null,
          1,
          2,
          null,
          null,
          1,
          2,
          null,
          1,
          1,
          null,
          null,
          null,
          1,
          2,
          null,
          1,
          1,
          null,
          null,
          null,
          1,
          null,
          null,
          null,
          null
        ]
      },
      "/home/travis/build/DominikAlberski/schedule_api/spec/controllers/doctors_controller_spec.rb": {
        "lines": [
          1,
          null,
          1,
          3,
          null,
          1,
          3,
          null,
          1,
          2,
          null,
          1,
          1,
          1,
          null,
          null,
          null,
          1,
          2,
          null,
          1,
          2,
          null,
          null,
          null,
          null
        ]
      },
      "/home/travis/build/DominikAlberski/schedule_api/spec/models/appointment/overlapping_scope_spec.rb": {
        "lines": [
          1,
          null,
          1,
          3,
          3,
          4,
          4,
          4,
          null,
          1,
          3,
          null,
          null,
          null,
          null,
          null,
          null,
          null,
          null,
          1,
          1,
          2,
          null,
          null,
          1,
          1,
          1,
          null,
          null,
          null,
          null,
          null,
          1,
          2,
          2,
          null,
          1,
          1,
          null,
          null,
          null,
          null,
          null,
          null,
          null,
          null,
          1,
          1,
          null,
          null,
          null,
          null,
          null,
          null,
          1,
          1,
          null,
          null,
          null,
          null
        ]
      },
      "/home/travis/build/DominikAlberski/schedule_api/spec/models/appointment/presenter_spec.rb": {
        "lines": [
          1,
          null,
          1,
          4,
          4,
          4,
          3,
          null,
          1,
          1,
          1,
          null,
          null,
          null,
          1,
          1,
          1,
          null,
          null,
          null,
          1,
          1,
          1,
          null,
          null,
          null,
          null,
          null,
          null,
          null,
          null
        ]
      },
      "/home/travis/build/DominikAlberski/schedule_api/spec/models/appointment_spec.rb": {
        "lines": [
          null,
          null,
          null,
          null,
          null,
          null,
          null,
          null,
          null,
          null,
          null,
          1,
          null,
          1,
          1,
          0,
          null,
          null,
          null,
          null,
          null,
          null,
          null,
          null,
          1,
          null,
          null
        ]
      },
      "/home/travis/build/DominikAlberski/schedule_api/spec/models/auth_token_spec.rb": {
        "lines": [
          1,
          null,
          1,
          3,
          3,
          null,
          1,
          1,
          1,
          null,
          null,
          null,
          1,
          1,
          1,
          1,
          null,
          null,
          null
        ]
      },
      "/home/travis/build/DominikAlberski/schedule_api/spec/models/doctor/presenter_spec.rb": {
        "lines": [
          1,
          null,
          1,
          2,
          2,
          null,
          1,
          2,
          null,
          1,
          1,
          null,
          null,
          null
        ]
      },
      "/home/travis/build/DominikAlberski/schedule_api/spec/models/doctor_spec.rb": {
        "lines": [
          null,
          null,
          null,
          null,
          null,
          null,
          null,
          null,
          null,
          null,
          null,
          null,
          null,
          null,
          1,
          null,
          1,
          9,
          9,
          10,
          11,
          11,
          null,
          1,
          11,
          null,
          null,
          null,
          null,
          null,
          null,
          null,
          null,
          1,
          10,
          null,
          2,
          null,
          1,
          2,
          null,
          2,
          null,
          null,
          1,
          2,
          null,
          2,
          null,
          null,
          1,
          2,
          null,
          2,
          null,
          null,
          1,
          2,
          null,
          2,
          null,
          null,
          1,
          2,
          null,
          2,
          null,
          null,
          1,
          2,
          2,
          null,
          1,
          1,
          null,
          null,
          null,
          1,
          2,
          2,
          null,
          1,
          1,
          null,
          null,
          null,
          1,
          2,
          null,
          1,
          1,
          null,
          null,
          null,
          null,
          1,
          1,
          2,
          1,
          1,
          null,
          null,
          null,
          1,
          2,
          null,
          1,
          1,
          null,
          null,
          null,
          null
        ]
      },
      "/home/travis/build/DominikAlberski/schedule_api/spec/models/organization_spec.rb": {
        "lines": [
          null,
          null,
          null,
          null,
          null,
          null,
          null,
          null,
          null,
          null,
          null,
          null,
          1,
          null,
          1,
          1,
          2,
          null,
          2,
          null,
          1,
          2,
          null,
          2,
          null,
          null,
          1,
          2,
          2,
          2,
          null,
          2,
          null,
          null,
          1,
          2,
          null,
          2,
          null,
          null,
          null
        ]
      },
      "/home/travis/build/DominikAlberski/schedule_api/spec/services/api_key_service_spec.rb": {
        "lines": [
          1,
          null,
          1,
          4,
          3,
          null,
          1,
          1,
          1,
          null,
          null,
          null,
          1,
          1,
          1,
          null,
          null,
          1,
          4,
          null,
          null,
          null
        ]
      },
      "/home/travis/build/DominikAlberski/schedule_api/spec/services/authentication_spec.rb": {
        "lines": [
          1,
          null,
          1,
          1,
          5,
          5,
          5,
          5,
          5,
          null,
          5,
          null,
          null,
          null,
          5,
          5,
          5,
          6,
          null,
          1,
          4,
          null,
          1,
          2,
          null,
          1,
          1,
          null,
          null,
          null,
          1,
          2,
          null,
          1,
          1,
          null,
          null,
          null,
          1,
          2,
          null,
          1,
          1,
          null,
          null,
          null,
          null,
          1,
          3,
          3,
          null,
          1,
          1,
          1,
          null,
          null,
          null,
          1,
          2,
          null,
          1,
          1,
          null,
          null,
          null,
          null
        ]
      },
      "/home/travis/build/DominikAlberski/schedule_api/spec/services/available_slot_service_spec.rb": {
        "lines": [
          1,
          null,
          1,
          5,
          4,
          null,
          1,
          4,
          null,
          null,
          null,
          null,
          null,
          null,
          null,
          null,
          1,
          4,
          null,
          null,
          1,
          1,
          1,
          null,
          null,
          1,
          1,
          1,
          null,
          null,
          null,
          1,
          4,
          null,
          1,
          2,
          null,
          1,
          null,
          1,
          null,
          null,
          null,
          null,
          null,
          null,
          null,
          null,
          null,
          1,
          1,
          null,
          null,
          null,
          1,
          1,
          null,
          1,
          null,
          null,
          null,
          null,
          1,
          1,
          null,
          null,
          null,
          1,
          1,
          null,
          1,
          null,
          null,
          null,
          null,
          null,
          null,
          null,
          null,
          1,
          1,
          null,
          null,
          null,
          null,
          1,
          null,
          null,
          null,
          null,
          null,
          null,
          1,
          1,
          null,
          null,
          null,
          null
        ]
      },
      "/home/travis/build/DominikAlberski/schedule_api/spec/services/create_appointments_service_spec.rb": {
        "lines": [
          1,
          null,
          1,
          6,
          1,
          null,
          1,
          6,
          null,
          1,
          5,
          null,
          null,
          1,
          1,
          2,
          null,
          null,
          1,
          1,
          null,
          null,
          1,
          1,
          null,
          null,
          null,
          1,
          1,
          1,
          null,
          null,
          null,
          null,
          null,
          1,
          1,
          null,
          null,
          null,
          1,
          1,
          2,
          null,
          null,
          1,
          2,
          null,
          null,
          1,
          1,
          null,
          null,
          1,
          1,
          null,
          null,
          null,
          null
        ]
      },
      "/home/travis/build/DominikAlberski/schedule_api/spec/factories/appointment.rb": {
        "lines": [
          1,
          null,
          1,
          1,
          11,
          14,
          1,
          null,
          null
        ]
      },
      "/home/travis/build/DominikAlberski/schedule_api/spec/factories/doctor.rb": {
        "lines": [
          1,
          null,
          1,
          1,
          37,
          37,
          37,
          37,
          37,
          null,
          null
        ]
      },
      "/home/travis/build/DominikAlberski/schedule_api/spec/factories/organization.rb": {
        "lines": [
          1,
          1,
          39,
          37,
          34,
          null,
          null
        ]
      }
    },
    "timestamp": 1718376982
  }
}
